<?xml version="1.0" encoding="UTF-8"?>
<testng-results skipped="0" failed="0" total="1" passed="1">
  <reporter-output>
    <line>
      <![CDATA[Required page is displayed]]>
    </line>
    <line>
      <![CDATA[Element is visible]]>
    </line>
    <line>
      <![CDATA[Required page is displayed]]>
    </line>
    <line>
      <![CDATA[Test:testA is Pass ]]>
    </line>
    <line>
      <![CDATA[TestName:testA Status:PASS]]>
    </line>
  </reporter-output>
  <suite name="Suite" duration-ms="30913" started-at="2018-10-17T14:45:56Z" finished-at="2018-10-17T14:46:27Z">
    <groups>
      <group name="smoke">
        <method signature="OrangeTC1.testA()[pri:1, instance:script.OrangeTC1@146ba0ac]" name="testA" class="script.OrangeTC1"/>
      </group> <!-- smoke -->
    </groups>
    <test name="Test" duration-ms="30913" started-at="2018-10-17T14:45:56Z" finished-at="2018-10-17T14:46:27Z">
      <class name="script.OrangeTC1">
        <test-method status="PASS" signature="openApp(java.lang.String, java.lang.String)[pri:0, instance:script.OrangeTC1@146ba0ac]" name="openApp" is-config="true" duration-ms="20731" started-at="2018-10-17T20:15:56Z" finished-at="2018-10-17T20:16:17Z">
          <params>
            <param index="0">
              <value>
                <![CDATA[localhost]]>
              </value>
            </param>
            <param index="1">
              <value>
                <![CDATA[chrome]]>
              </value>
            </param>
          </params>
          <reporter-output>
          </reporter-output>
        </test-method> <!-- openApp -->
        <test-method status="PASS" signature="testA()[pri:1, instance:script.OrangeTC1@146ba0ac]" name="testA" duration-ms="8346" started-at="2018-10-17T20:16:17Z" finished-at="2018-10-17T20:16:25Z">
          <reporter-output>
            <line>
              <![CDATA[Required page is displayed]]>
            </line>
            <line>
              <![CDATA[Element is visible]]>
            </line>
            <line>
              <![CDATA[Required page is displayed]]>
            </line>
            <line>
              <![CDATA[Test:testA is Pass ]]>
            </line>
          </reporter-output>
        </test-method> <!-- testA -->
        <test-method status="PASS" signature="closeApp(org.testng.ITestResult)[pri:0, instance:script.OrangeTC1@146ba0ac]" name="closeApp" is-config="true" duration-ms="1794" started-at="2018-10-17T20:16:25Z" finished-at="2018-10-17T20:16:27Z">
          <params>
            <param index="0">
              <value>
                <![CDATA[[TestResult name=testA status=SUCCESS method=OrangeTC1.testA()[pri:1, instance:script.OrangeTC1@146ba0ac] output=Required page is displayed]]]>
              </value>
            </param>
          </params>
          <reporter-output>
            <line>
              <![CDATA[TestName:testA Status:PASS]]>
            </line>
          </reporter-output>
        </test-method> <!-- closeApp -->
      </class> <!-- script.OrangeTC1 -->
    </test> <!-- Test -->
  </suite> <!-- Suite -->
</testng-results>
